# JRE version: OpenJDK Runtime Environment (11.0.10) (build 11.0.10+0-b96-7249189)
# Java VM: OpenJDK 64-Bit Server VM (11.0.10+0-b96-7249189, mixed mode, tiered, compressed oops, g1 gc, windows-amd64)
Heap:
 garbage-first heap   total 262144K, used 146748K [0x0000000080000000, 0x0000000100000000)
  region size 1024K, 39 young (39936K), 1 survivors (1024K)
 Metaspace       used 130651K, capacity 134486K, committed 136300K, reserved 1167360K
  class space    used 15963K, capacity 17427K, committed 18124K, reserved 1048576K
GC Heap History (20 events):
Event: 1318.425 GC heap before
{Heap before GC invocations=26 (full 0):
 garbage-first heap   total 262144K, used 226464K [0x0000000080000000, 0x0000000100000000)
  region size 1024K, 108 young (110592K), 4 survivors (4096K)
 Metaspace       used 128483K, capacity 132437K, committed 132716K, reserved 1165312K
  class space    used 15974K, capacity 17513K, committed 17612K, reserved 1048576K
}
Event: 1318.427 GC heap after
{Heap after GC invocations=27 (full 0):
 garbage-first heap   total 262144K, used 113375K [0x0000000080000000, 0x0000000100000000)
  region size 1024K, 4 young (4096K), 4 survivors (4096K)
 Metaspace       used 128483K, capacity 132437K, committed 132716K, reserved 1165312K
  class space    used 15974K, capacity 17513K, committed 17612K, reserved 1048576K
}
Event: 1357.404 GC heap before
{Heap before GC invocations=27 (full 0):
 garbage-first heap   total 262144K, used 218847K [0x0000000080000000, 0x0000000100000000)
  region size 1024K, 108 young (110592K), 4 survivors (4096K)
 Metaspace       used 129575K, capacity 133980K, committed 134252K, reserved 1165312K
  class space    used 16156K, capacity 17850K, committed 17868K, reserved 1048576K
}
Event: 1357.407 GC heap after
{Heap after GC invocations=28 (full 0):
 garbage-first heap   total 262144K, used 111509K [0x0000000080000000, 0x0000000100000000)
  region size 1024K, 4 young (4096K), 4 survivors (4096K)
 Metaspace       used 129575K, capacity 133980K, committed 134252K, reserved 1165312K
  class space    used 16156K, capacity 17850K, committed 17868K, reserved 1048576K
}
Event: 1358.564 GC heap before
{Heap before GC invocations=28 (full 0):
 garbage-first heap   total 262144K, used 222101K [0x0000000080000000, 0x0000000100000000)
  region size 1024K, 111 young (113664K), 4 survivors (4096K)
 Metaspace       used 130733K, capacity 135213K, committed 135404K, reserved 1167360K
  class space    used 16271K, capacity 17961K, committed 17996K, reserved 1048576K
}
Event: 1358.570 GC heap after
{Heap after GC invocations=29 (full 0):
 garbage-first heap   total 262144K, used 124060K [0x0000000080000000, 0x0000000100000000)
  region size 1024K, 14 young (14336K), 14 survivors (14336K)
 Metaspace       used 130733K, capacity 135213K, committed 135404K, reserved 1167360K
  class space    used 16271K, capacity 17961K, committed 17996K, reserved 1048576K
}
Event: 1358.982 GC heap before
{Heap before GC invocations=29 (full 0):
 garbage-first heap   total 262144K, used 220316K [0x0000000080000000, 0x0000000100000000)
  region size 1024K, 106 young (108544K), 14 survivors (14336K)
 Metaspace       used 130916K, capacity 135413K, committed 135660K, reserved 1167360K
  class space    used 16271K, capacity 17961K, committed 17996K, reserved 1048576K
}
Event: 1358.986 GC heap after
{Heap after GC invocations=30 (full 0):
 garbage-first heap   total 262144K, used 120718K [0x0000000080000000, 0x0000000100000000)
  region size 1024K, 2 young (2048K), 2 survivors (2048K)
 Metaspace       used 130916K, capacity 135413K, committed 135660K, reserved 1167360K
  class space    used 16271K, capacity 17961K, committed 17996K, reserved 1048576K
}
Event: 1359.077 GC heap before
{Heap before GC invocations=30 (full 0):
 garbage-first heap   total 262144K, used 220046K [0x0000000080000000, 0x0000000100000000)
  region size 1024K, 100 young (102400K), 2 survivors (2048K)
 Metaspace       used 131045K, capacity 135509K, committed 135660K, reserved 1167360K
  class space    used 16280K, capacity 17968K, committed 17996K, reserved 1048576K
}
Event: 1359.086 GC heap after
{Heap after GC invocations=31 (full 0):
 garbage-first heap   total 262144K, used 130084K [0x0000000080000000, 0x0000000100000000)
  region size 1024K, 11 young (11264K), 11 survivors (11264K)
 Metaspace       used 131045K, capacity 135509K, committed 135660K, reserved 1167360K
  class space    used 16280K, capacity 17968K, committed 17996K, reserved 1048576K
}
Event: 1359.322 GC heap before
{Heap before GC invocations=32 (full 0):
 garbage-first heap   total 262144K, used 209956K [0x0000000080000000, 0x0000000100000000)
  region size 1024K, 96 young (98304K), 11 survivors (11264K)
 Metaspace       used 130118K, capacity 134004K, committed 135660K, reserved 1167360K
  class space    used 15937K, capacity 17347K, committed 17996K, reserved 1048576K
}
Event: 1359.325 GC heap after
{Heap after GC invocations=33 (full 0):
 garbage-first heap   total 262144K, used 118304K [0x0000000080000000, 0x0000000100000000)
  region size 1024K, 6 young (6144K), 6 survivors (6144K)
 Metaspace       used 130118K, capacity 134004K, committed 135660K, reserved 1167360K
  class space    used 15937K, capacity 17347K, committed 17996K, reserved 1048576K
}
Event: 1359.333 GC heap before
{Heap before GC invocations=33 (full 0):
 garbage-first heap   total 262144K, used 124448K [0x0000000080000000, 0x0000000100000000)
  region size 1024K, 12 young (12288K), 6 survivors (6144K)
 Metaspace       used 130123K, capacity 134004K, committed 135660K, reserved 1167360K
  class space    used 15938K, capacity 17347K, committed 17996K, reserved 1048576K
}
Event: 1359.337 GC heap after
{Heap after GC invocations=34 (full 0):
 garbage-first heap   total 262144K, used 106954K [0x0000000080000000, 0x0000000100000000)
  region size 1024K, 2 young (2048K), 2 survivors (2048K)
 Metaspace       used 130123K, capacity 134004K, committed 135660K, reserved 1167360K
  class space    used 15938K, capacity 17347K, committed 17996K, reserved 1048576K
}
Event: 1359.541 GC heap before
{Heap before GC invocations=34 (full 0):
 garbage-first heap   total 262144K, used 147914K [0x0000000080000000, 0x0000000100000000)
  region size 1024K, 31 young (31744K), 2 survivors (2048K)
 Metaspace       used 130324K, capacity 134173K, committed 136044K, reserved 1167360K
  class space    used 15952K, capacity 17389K, committed 18124K, reserved 1048576K
}
Event: 1359.543 GC heap after
{Heap after GC invocations=35 (full 0):
 garbage-first heap   total 262144K, used 109705K [0x0000000080000000, 0x0000000100000000)
  region size 1024K, 3 young (3072K), 3 survivors (3072K)
 Metaspace       used 130324K, capacity 134173K, committed 136044K, reserved 1167360K
  class space    used 15952K, capacity 17389K, committed 18124K, reserved 1048576K
}
Event: 1609.978 GC heap before
{Heap before GC invocations=36 (full 0):
 garbage-first heap   total 262144K, used 181385K [0x0000000080000000, 0x0000000100000000)
  region size 1024K, 73 young (74752K), 3 survivors (3072K)
 Metaspace       used 130575K, capacity 134473K, committed 136300K, reserved 1167360K
  class space    used 15961K, capacity 17423K, committed 18124K, reserved 1048576K
}
Event: 1609.983 GC heap after
{Heap after GC invocations=37 (full 0):
 garbage-first heap   total 262144K, used 109408K [0x0000000080000000, 0x0000000100000000)
  region size 1024K, 9 young (9216K), 9 survivors (9216K)
 Metaspace       used 130575K, capacity 134473K, committed 136300K, reserved 1167360K
  class space    used 15961K, capacity 17423K, committed 18124K, reserved 1048576K
}
Event: 1609.991 GC heap before
{Heap before GC invocations=37 (full 0):
 garbage-first heap   total 262144K, used 112480K [0x0000000080000000, 0x0000000100000000)
  region size 1024K, 12 young (12288K), 9 survivors (9216K)
 Metaspace       used 130584K, capacity 134473K, committed 136300K, reserved 1167360K
  class space    used 15961K, capacity 17423K, committed 18124K, reserved 1048576K
}
Event: 1609.996 GC heap after
{Heap after GC invocations=38 (full 0):
 garbage-first heap   total 262144K, used 106812K [0x0000000080000000, 0x0000000100000000)
  region size 1024K, 1 young (1024K), 1 survivors (1024K)
 Metaspace       used 130584K, capacity 134473K, committed 136300K, reserved 1167360K
  class space    used 15961K, capacity 17423K, committed 18124K, reserved 1048576K
}

